{"C:\\Users\\Computer\\Desktop\\JS\\express-biztime\\express-biztime\\app.js": {"path":"C:\\Users\\Computer\\Desktop\\JS\\express-biztime\\express-biztime\\app.js","statementMap":{"0":{"start":{"line":2,"column":16},"end":{"line":2,"column":34}},"1":{"start":{"line":3,"column":12},"end":{"line":3,"column":21}},"2":{"start":{"line":4,"column":11},"end":{"line":4,"column":26}},"3":{"start":{"line":5,"column":21},"end":{"line":5,"column":46}},"4":{"start":{"line":6,"column":26},"end":{"line":6,"column":55}},"5":{"start":{"line":7,"column":25},"end":{"line":7,"column":53}},"6":{"start":{"line":9,"column":0},"end":{"line":9,"column":24}},"7":{"start":{"line":10,"column":0},"end":{"line":10,"column":41}},"8":{"start":{"line":11,"column":0},"end":{"line":11,"column":39}},"9":{"start":{"line":15,"column":0},"end":{"line":18,"column":3}},"10":{"start":{"line":16,"column":14},"end":{"line":16,"column":48}},"11":{"start":{"line":17,"column":2},"end":{"line":17,"column":19}},"12":{"start":{"line":22,"column":0},"end":{"line":29,"column":3}},"13":{"start":{"line":23,"column":2},"end":{"line":23,"column":32}},"14":{"start":{"line":25,"column":2},"end":{"line":28,"column":5}},"15":{"start":{"line":32,"column":0},"end":{"line":32,"column":21}}},"fnMap":{"0":{"name":"(anonymous_0)","decl":{"start":{"line":15,"column":8},"end":{"line":15,"column":9}},"loc":{"start":{"line":15,"column":34},"end":{"line":18,"column":1}},"line":15},"1":{"name":"(anonymous_1)","decl":{"start":{"line":22,"column":8},"end":{"line":22,"column":9}},"loc":{"start":{"line":22,"column":33},"end":{"line":29,"column":1}},"line":22}},"branchMap":{"0":{"loc":{"start":{"line":23,"column":13},"end":{"line":23,"column":30}},"type":"binary-expr","locations":[{"start":{"line":23,"column":13},"end":{"line":23,"column":23}},{"start":{"line":23,"column":27},"end":{"line":23,"column":30}}],"line":23}},"s":{"0":1,"1":1,"2":1,"3":1,"4":1,"5":1,"6":1,"7":1,"8":1,"9":1,"10":0,"11":0,"12":1,"13":5,"14":5,"15":1},"f":{"0":0,"1":5},"b":{"0":[5,0]},"_coverageSchema":"1a1c01bbd47fc00a2c39e90264f33305004495a9","hash":"1321469482c209ac8cb07a8b73dcc71c50ef9920"}
,"C:\\Users\\Computer\\Desktop\\JS\\express-biztime\\express-biztime\\db.js": {"path":"C:\\Users\\Computer\\Desktop\\JS\\express-biztime\\express-biztime\\db.js","statementMap":{"0":{"start":{"line":2,"column":19},"end":{"line":2,"column":32}},"1":{"start":{"line":5,"column":0},"end":{"line":9,"column":1}},"2":{"start":{"line":6,"column":4},"end":{"line":6,"column":42}},"3":{"start":{"line":8,"column":4},"end":{"line":8,"column":37}},"4":{"start":{"line":11,"column":9},"end":{"line":13,"column":2}},"5":{"start":{"line":15,"column":0},"end":{"line":15,"column":13}},"6":{"start":{"line":17,"column":0},"end":{"line":17,"column":20}}},"fnMap":{},"branchMap":{"0":{"loc":{"start":{"line":5,"column":0},"end":{"line":9,"column":1}},"type":"if","locations":[{"start":{"line":5,"column":0},"end":{"line":9,"column":1}},{"start":{"line":5,"column":0},"end":{"line":9,"column":1}}],"line":5}},"s":{"0":1,"1":1,"2":1,"3":0,"4":1,"5":1,"6":1},"f":{},"b":{"0":[1,0]},"_coverageSchema":"1a1c01bbd47fc00a2c39e90264f33305004495a9","hash":"b234de32e21e3752cc59f74b922bbe03dc7f5cd0"}
,"C:\\Users\\Computer\\Desktop\\JS\\express-biztime\\express-biztime\\expressError.js": {"path":"C:\\Users\\Computer\\Desktop\\JS\\express-biztime\\express-biztime\\expressError.js","statementMap":{"0":{"start":{"line":9,"column":4},"end":{"line":9,"column":12}},"1":{"start":{"line":10,"column":4},"end":{"line":10,"column":27}},"2":{"start":{"line":11,"column":4},"end":{"line":11,"column":25}},"3":{"start":{"line":12,"column":4},"end":{"line":12,"column":30}},"4":{"start":{"line":17,"column":0},"end":{"line":17,"column":30}}},"fnMap":{"0":{"name":"(anonymous_0)","decl":{"start":{"line":8,"column":2},"end":{"line":8,"column":3}},"loc":{"start":{"line":8,"column":31},"end":{"line":13,"column":3}},"line":8}},"branchMap":{},"s":{"0":5,"1":5,"2":5,"3":5,"4":1},"f":{"0":5},"b":{},"_coverageSchema":"1a1c01bbd47fc00a2c39e90264f33305004495a9","hash":"3bf4a23791ed15af295228984268028d4cc014b6"}
,"C:\\Users\\Computer\\Desktop\\JS\\express-biztime\\express-biztime\\routes\\companies.js": {"path":"C:\\Users\\Computer\\Desktop\\JS\\express-biztime\\express-biztime\\routes\\companies.js","statementMap":{"0":{"start":{"line":1,"column":16},"end":{"line":1,"column":34}},"1":{"start":{"line":2,"column":15},"end":{"line":2,"column":35}},"2":{"start":{"line":3,"column":11},"end":{"line":3,"column":27}},"3":{"start":{"line":4,"column":21},"end":{"line":4,"column":47}},"4":{"start":{"line":7,"column":20},"end":{"line":7,"column":83}},"5":{"start":{"line":8,"column":4},"end":{"line":10,"column":5}},"6":{"start":{"line":9,"column":8},"end":{"line":9,"column":58}},"7":{"start":{"line":11,"column":4},"end":{"line":11,"column":19}},"8":{"start":{"line":15,"column":18},"end":{"line":15,"column":132}},"9":{"start":{"line":16,"column":4},"end":{"line":18,"column":5}},"10":{"start":{"line":17,"column":8},"end":{"line":17,"column":66}},"11":{"start":{"line":19,"column":4},"end":{"line":19,"column":19}},"12":{"start":{"line":23,"column":0},"end":{"line":30,"column":2}},"13":{"start":{"line":24,"column":4},"end":{"line":29,"column":5}},"14":{"start":{"line":25,"column":24},"end":{"line":25,"column":65}},"15":{"start":{"line":26,"column":8},"end":{"line":26,"column":53}},"16":{"start":{"line":28,"column":8},"end":{"line":28,"column":25}},"17":{"start":{"line":32,"column":0},"end":{"line":40,"column":2}},"18":{"start":{"line":33,"column":4},"end":{"line":39,"column":5}},"19":{"start":{"line":34,"column":21},"end":{"line":34,"column":36}},"20":{"start":{"line":35,"column":22},"end":{"line":35,"column":42}},"21":{"start":{"line":36,"column":8},"end":{"line":36,"column":51}},"22":{"start":{"line":38,"column":8},"end":{"line":38,"column":25}},"23":{"start":{"line":42,"column":0},"end":{"line":53,"column":2}},"24":{"start":{"line":43,"column":4},"end":{"line":52,"column":5}},"25":{"start":{"line":44,"column":44},"end":{"line":44,"column":52}},"26":{"start":{"line":45,"column":8},"end":{"line":47,"column":9}},"27":{"start":{"line":46,"column":12},"end":{"line":46,"column":82}},"28":{"start":{"line":48,"column":23},"end":{"line":48,"column":169}},"29":{"start":{"line":49,"column":8},"end":{"line":49,"column":52}},"30":{"start":{"line":51,"column":8},"end":{"line":51,"column":25}},"31":{"start":{"line":55,"column":0},"end":{"line":70,"column":2}},"32":{"start":{"line":56,"column":4},"end":{"line":69,"column":5}},"33":{"start":{"line":57,"column":21},"end":{"line":57,"column":36}},"34":{"start":{"line":58,"column":38},"end":{"line":58,"column":46}},"35":{"start":{"line":59,"column":8},"end":{"line":61,"column":9}},"36":{"start":{"line":60,"column":12},"end":{"line":60,"column":80}},"37":{"start":{"line":62,"column":24},"end":{"line":62,"column":161}},"38":{"start":{"line":63,"column":8},"end":{"line":65,"column":9}},"39":{"start":{"line":64,"column":12},"end":{"line":64,"column":67}},"40":{"start":{"line":66,"column":8},"end":{"line":66,"column":41}},"41":{"start":{"line":68,"column":8},"end":{"line":68,"column":25}},"42":{"start":{"line":72,"column":0},"end":{"line":81,"column":2}},"43":{"start":{"line":73,"column":4},"end":{"line":80,"column":5}},"44":{"start":{"line":74,"column":21},"end":{"line":74,"column":36}},"45":{"start":{"line":75,"column":8},"end":{"line":75,"column":25}},"46":{"start":{"line":76,"column":8},"end":{"line":76,"column":70}},"47":{"start":{"line":77,"column":8},"end":{"line":77,"column":47}},"48":{"start":{"line":79,"column":8},"end":{"line":79,"column":25}},"49":{"start":{"line":83,"column":0},"end":{"line":83,"column":24}}},"fnMap":{"0":{"name":"find","decl":{"start":{"line":6,"column":15},"end":{"line":6,"column":19}},"loc":{"start":{"line":6,"column":26},"end":{"line":12,"column":1}},"line":6},"1":{"name":"joinFind","decl":{"start":{"line":14,"column":15},"end":{"line":14,"column":23}},"loc":{"start":{"line":14,"column":30},"end":{"line":20,"column":1}},"line":14},"2":{"name":"(anonymous_2)","decl":{"start":{"line":23,"column":15},"end":{"line":23,"column":16}},"loc":{"start":{"line":23,"column":47},"end":{"line":30,"column":1}},"line":23},"3":{"name":"(anonymous_3)","decl":{"start":{"line":32,"column":21},"end":{"line":32,"column":22}},"loc":{"start":{"line":32,"column":53},"end":{"line":40,"column":1}},"line":32},"4":{"name":"(anonymous_4)","decl":{"start":{"line":42,"column":16},"end":{"line":42,"column":17}},"loc":{"start":{"line":42,"column":48},"end":{"line":53,"column":1}},"line":42},"5":{"name":"(anonymous_5)","decl":{"start":{"line":55,"column":23},"end":{"line":55,"column":24}},"loc":{"start":{"line":55,"column":55},"end":{"line":70,"column":1}},"line":55},"6":{"name":"(anonymous_6)","decl":{"start":{"line":72,"column":24},"end":{"line":72,"column":25}},"loc":{"start":{"line":72,"column":56},"end":{"line":81,"column":1}},"line":72}},"branchMap":{"0":{"loc":{"start":{"line":8,"column":4},"end":{"line":10,"column":5}},"type":"if","locations":[{"start":{"line":8,"column":4},"end":{"line":10,"column":5}},{"start":{"line":8,"column":4},"end":{"line":10,"column":5}}],"line":8},"1":{"loc":{"start":{"line":16,"column":4},"end":{"line":18,"column":5}},"type":"if","locations":[{"start":{"line":16,"column":4},"end":{"line":18,"column":5}},{"start":{"line":16,"column":4},"end":{"line":18,"column":5}}],"line":16},"2":{"loc":{"start":{"line":45,"column":8},"end":{"line":47,"column":9}},"type":"if","locations":[{"start":{"line":45,"column":8},"end":{"line":47,"column":9}},{"start":{"line":45,"column":8},"end":{"line":47,"column":9}}],"line":45},"3":{"loc":{"start":{"line":45,"column":12},"end":{"line":45,"column":42}},"type":"binary-expr","locations":[{"start":{"line":45,"column":12},"end":{"line":45,"column":17}},{"start":{"line":45,"column":21},"end":{"line":45,"column":26}},{"start":{"line":45,"column":30},"end":{"line":45,"column":42}}],"line":45},"4":{"loc":{"start":{"line":59,"column":8},"end":{"line":61,"column":9}},"type":"if","locations":[{"start":{"line":59,"column":8},"end":{"line":61,"column":9}},{"start":{"line":59,"column":8},"end":{"line":61,"column":9}}],"line":59},"5":{"loc":{"start":{"line":59,"column":12},"end":{"line":59,"column":33}},"type":"binary-expr","locations":[{"start":{"line":59,"column":12},"end":{"line":59,"column":17}},{"start":{"line":59,"column":21},"end":{"line":59,"column":33}}],"line":59},"6":{"loc":{"start":{"line":63,"column":8},"end":{"line":65,"column":9}},"type":"if","locations":[{"start":{"line":63,"column":8},"end":{"line":65,"column":9}},{"start":{"line":63,"column":8},"end":{"line":65,"column":9}}],"line":63}},"s":{"0":1,"1":1,"2":1,"3":1,"4":2,"5":2,"6":1,"7":1,"8":2,"9":2,"10":1,"11":1,"12":1,"13":1,"14":1,"15":1,"16":0,"17":1,"18":2,"19":2,"20":2,"21":1,"22":1,"23":1,"24":2,"25":2,"26":2,"27":1,"28":1,"29":1,"30":1,"31":1,"32":3,"33":3,"34":3,"35":3,"36":2,"37":1,"38":1,"39":0,"40":1,"41":2,"42":1,"43":2,"44":2,"45":2,"46":1,"47":1,"48":1,"49":1},"f":{"0":2,"1":2,"2":1,"3":2,"4":2,"5":3,"6":2},"b":{"0":[1,1],"1":[1,1],"2":[1,1],"3":[2,1,1],"4":[2,1],"5":[3,1],"6":[0,1]},"_coverageSchema":"1a1c01bbd47fc00a2c39e90264f33305004495a9","hash":"c95226d17899d748c9581b909d302919b2200545"}
,"C:\\Users\\Computer\\Desktop\\JS\\express-biztime\\express-biztime\\routes\\invoices.js": {"path":"C:\\Users\\Computer\\Desktop\\JS\\express-biztime\\express-biztime\\routes\\invoices.js","statementMap":{"0":{"start":{"line":1,"column":16},"end":{"line":1,"column":34}},"1":{"start":{"line":2,"column":15},"end":{"line":2,"column":35}},"2":{"start":{"line":3,"column":11},"end":{"line":3,"column":27}},"3":{"start":{"line":4,"column":21},"end":{"line":4,"column":47}},"4":{"start":{"line":7,"column":20},"end":{"line":7,"column":78}},"5":{"start":{"line":8,"column":4},"end":{"line":10,"column":5}},"6":{"start":{"line":9,"column":8},"end":{"line":9,"column":58}},"7":{"start":{"line":11,"column":4},"end":{"line":11,"column":19}},"8":{"start":{"line":15,"column":18},"end":{"line":15,"column":128}},"9":{"start":{"line":16,"column":4},"end":{"line":18,"column":5}},"10":{"start":{"line":17,"column":8},"end":{"line":17,"column":58}},"11":{"start":{"line":19,"column":4},"end":{"line":19,"column":19}},"12":{"start":{"line":23,"column":0},"end":{"line":30,"column":2}},"13":{"start":{"line":24,"column":4},"end":{"line":29,"column":5}},"14":{"start":{"line":25,"column":24},"end":{"line":25,"column":64}},"15":{"start":{"line":26,"column":8},"end":{"line":26,"column":52}},"16":{"start":{"line":28,"column":8},"end":{"line":28,"column":25}},"17":{"start":{"line":32,"column":0},"end":{"line":40,"column":2}},"18":{"start":{"line":33,"column":4},"end":{"line":39,"column":5}},"19":{"start":{"line":34,"column":19},"end":{"line":34,"column":32}},"20":{"start":{"line":35,"column":22},"end":{"line":35,"column":40}},"21":{"start":{"line":36,"column":8},"end":{"line":36,"column":51}},"22":{"start":{"line":38,"column":8},"end":{"line":38,"column":25}},"23":{"start":{"line":42,"column":0},"end":{"line":53,"column":2}},"24":{"start":{"line":43,"column":4},"end":{"line":52,"column":5}},"25":{"start":{"line":44,"column":35},"end":{"line":44,"column":43}},"26":{"start":{"line":45,"column":8},"end":{"line":47,"column":9}},"27":{"start":{"line":46,"column":12},"end":{"line":46,"column":66}},"28":{"start":{"line":48,"column":23},"end":{"line":48,"column":168}},"29":{"start":{"line":49,"column":8},"end":{"line":49,"column":52}},"30":{"start":{"line":51,"column":8},"end":{"line":51,"column":25}},"31":{"start":{"line":55,"column":0},"end":{"line":70,"column":2}},"32":{"start":{"line":56,"column":4},"end":{"line":69,"column":5}},"33":{"start":{"line":57,"column":19},"end":{"line":57,"column":32}},"34":{"start":{"line":58,"column":24},"end":{"line":58,"column":32}},"35":{"start":{"line":59,"column":8},"end":{"line":61,"column":9}},"36":{"start":{"line":60,"column":12},"end":{"line":60,"column":62}},"37":{"start":{"line":62,"column":24},"end":{"line":62,"column":147}},"38":{"start":{"line":63,"column":8},"end":{"line":65,"column":9}},"39":{"start":{"line":64,"column":12},"end":{"line":64,"column":65}},"40":{"start":{"line":66,"column":8},"end":{"line":66,"column":41}},"41":{"start":{"line":68,"column":8},"end":{"line":68,"column":25}},"42":{"start":{"line":72,"column":0},"end":{"line":81,"column":2}},"43":{"start":{"line":73,"column":4},"end":{"line":80,"column":5}},"44":{"start":{"line":74,"column":19},"end":{"line":74,"column":32}},"45":{"start":{"line":75,"column":8},"end":{"line":75,"column":23}},"46":{"start":{"line":76,"column":8},"end":{"line":76,"column":65}},"47":{"start":{"line":77,"column":8},"end":{"line":77,"column":47}},"48":{"start":{"line":79,"column":8},"end":{"line":79,"column":25}},"49":{"start":{"line":84,"column":0},"end":{"line":84,"column":24}}},"fnMap":{"0":{"name":"find","decl":{"start":{"line":6,"column":15},"end":{"line":6,"column":19}},"loc":{"start":{"line":6,"column":24},"end":{"line":12,"column":1}},"line":6},"1":{"name":"joinFind","decl":{"start":{"line":14,"column":15},"end":{"line":14,"column":23}},"loc":{"start":{"line":14,"column":28},"end":{"line":20,"column":1}},"line":14},"2":{"name":"(anonymous_2)","decl":{"start":{"line":23,"column":15},"end":{"line":23,"column":16}},"loc":{"start":{"line":23,"column":47},"end":{"line":30,"column":1}},"line":23},"3":{"name":"(anonymous_3)","decl":{"start":{"line":32,"column":19},"end":{"line":32,"column":20}},"loc":{"start":{"line":32,"column":51},"end":{"line":40,"column":1}},"line":32},"4":{"name":"(anonymous_4)","decl":{"start":{"line":42,"column":16},"end":{"line":42,"column":17}},"loc":{"start":{"line":42,"column":48},"end":{"line":53,"column":1}},"line":42},"5":{"name":"(anonymous_5)","decl":{"start":{"line":55,"column":21},"end":{"line":55,"column":22}},"loc":{"start":{"line":55,"column":53},"end":{"line":70,"column":1}},"line":55},"6":{"name":"(anonymous_6)","decl":{"start":{"line":72,"column":22},"end":{"line":72,"column":23}},"loc":{"start":{"line":72,"column":54},"end":{"line":81,"column":1}},"line":72}},"branchMap":{"0":{"loc":{"start":{"line":8,"column":4},"end":{"line":10,"column":5}},"type":"if","locations":[{"start":{"line":8,"column":4},"end":{"line":10,"column":5}},{"start":{"line":8,"column":4},"end":{"line":10,"column":5}}],"line":8},"1":{"loc":{"start":{"line":16,"column":4},"end":{"line":18,"column":5}},"type":"if","locations":[{"start":{"line":16,"column":4},"end":{"line":18,"column":5}},{"start":{"line":16,"column":4},"end":{"line":18,"column":5}}],"line":16},"2":{"loc":{"start":{"line":45,"column":8},"end":{"line":47,"column":9}},"type":"if","locations":[{"start":{"line":45,"column":8},"end":{"line":47,"column":9}},{"start":{"line":45,"column":8},"end":{"line":47,"column":9}}],"line":45},"3":{"loc":{"start":{"line":45,"column":12},"end":{"line":45,"column":30}},"type":"binary-expr","locations":[{"start":{"line":45,"column":12},"end":{"line":45,"column":22}},{"start":{"line":45,"column":26},"end":{"line":45,"column":30}}],"line":45},"4":{"loc":{"start":{"line":59,"column":8},"end":{"line":61,"column":9}},"type":"if","locations":[{"start":{"line":59,"column":8},"end":{"line":61,"column":9}},{"start":{"line":59,"column":8},"end":{"line":61,"column":9}}],"line":59},"5":{"loc":{"start":{"line":63,"column":8},"end":{"line":65,"column":9}},"type":"if","locations":[{"start":{"line":63,"column":8},"end":{"line":65,"column":9}},{"start":{"line":63,"column":8},"end":{"line":65,"column":9}}],"line":63}},"s":{"0":1,"1":1,"2":1,"3":1,"4":0,"5":0,"6":0,"7":0,"8":0,"9":0,"10":0,"11":0,"12":1,"13":0,"14":0,"15":0,"16":0,"17":1,"18":0,"19":0,"20":0,"21":0,"22":0,"23":1,"24":0,"25":0,"26":0,"27":0,"28":0,"29":0,"30":0,"31":1,"32":0,"33":0,"34":0,"35":0,"36":0,"37":0,"38":0,"39":0,"40":0,"41":0,"42":1,"43":0,"44":0,"45":0,"46":0,"47":0,"48":0,"49":1},"f":{"0":0,"1":0,"2":0,"3":0,"4":0,"5":0,"6":0},"b":{"0":[0,0],"1":[0,0],"2":[0,0],"3":[0,0],"4":[0,0],"5":[0,0]},"_coverageSchema":"1a1c01bbd47fc00a2c39e90264f33305004495a9","hash":"8101029c6d11f1bc45862e2ec5ed52f52c801416"}
}
