TN:
SF:..\app.js
FN:15,(anonymous_0)
FN:22,(anonymous_1)
FNF:2
FNH:1
FNDA:0,(anonymous_0)
FNDA:5,(anonymous_1)
DA:2,1
DA:3,1
DA:4,1
DA:5,1
DA:6,1
DA:7,1
DA:9,1
DA:10,1
DA:11,1
DA:15,1
DA:16,0
DA:17,0
DA:22,1
DA:23,5
DA:25,5
DA:32,1
LF:16
LH:14
BRDA:23,0,0,5
BRDA:23,0,1,0
BRF:2
BRH:1
end_of_record
TN:
SF:..\db.js
FNF:0
FNH:0
DA:2,1
DA:5,1
DA:6,1
DA:8,0
DA:11,1
DA:15,1
DA:17,1
LF:7
LH:6
BRDA:5,0,0,1
BRDA:5,0,1,0
BRF:2
BRH:1
end_of_record
TN:
SF:..\expressError.js
FN:8,(anonymous_0)
FNF:1
FNH:1
FNDA:5,(anonymous_0)
DA:9,5
DA:10,5
DA:11,5
DA:12,5
DA:17,1
LF:5
LH:5
BRF:0
BRH:0
end_of_record
TN:
SF:companies.js
FN:6,find
FN:14,joinFind
FN:23,(anonymous_2)
FN:32,(anonymous_3)
FN:42,(anonymous_4)
FN:55,(anonymous_5)
FN:72,(anonymous_6)
FNF:7
FNH:7
FNDA:2,find
FNDA:2,joinFind
FNDA:1,(anonymous_2)
FNDA:2,(anonymous_3)
FNDA:2,(anonymous_4)
FNDA:3,(anonymous_5)
FNDA:2,(anonymous_6)
DA:1,1
DA:2,1
DA:3,1
DA:4,1
DA:7,2
DA:8,2
DA:9,1
DA:11,1
DA:15,2
DA:16,2
DA:17,1
DA:19,1
DA:23,1
DA:24,1
DA:25,1
DA:26,1
DA:28,0
DA:32,1
DA:33,2
DA:34,2
DA:35,2
DA:36,1
DA:38,1
DA:42,1
DA:43,2
DA:44,2
DA:45,2
DA:46,1
DA:48,1
DA:49,1
DA:51,1
DA:55,1
DA:56,3
DA:57,3
DA:58,3
DA:59,3
DA:60,2
DA:62,1
DA:63,1
DA:64,0
DA:66,1
DA:68,2
DA:72,1
DA:73,2
DA:74,2
DA:75,2
DA:76,1
DA:77,1
DA:79,1
DA:83,1
LF:50
LH:48
BRDA:8,0,0,1
BRDA:8,0,1,1
BRDA:16,1,0,1
BRDA:16,1,1,1
BRDA:45,2,0,1
BRDA:45,2,1,1
BRDA:45,3,0,2
BRDA:45,3,1,1
BRDA:45,3,2,1
BRDA:59,4,0,2
BRDA:59,4,1,1
BRDA:59,5,0,3
BRDA:59,5,1,1
BRDA:63,6,0,0
BRDA:63,6,1,1
BRF:15
BRH:14
end_of_record
TN:
SF:invoices.js
FN:6,find
FN:14,joinFind
FN:23,(anonymous_2)
FN:32,(anonymous_3)
FN:42,(anonymous_4)
FN:55,(anonymous_5)
FN:72,(anonymous_6)
FNF:7
FNH:0
FNDA:0,find
FNDA:0,joinFind
FNDA:0,(anonymous_2)
FNDA:0,(anonymous_3)
FNDA:0,(anonymous_4)
FNDA:0,(anonymous_5)
FNDA:0,(anonymous_6)
DA:1,1
DA:2,1
DA:3,1
DA:4,1
DA:7,0
DA:8,0
DA:9,0
DA:11,0
DA:15,0
DA:16,0
DA:17,0
DA:19,0
DA:23,1
DA:24,0
DA:25,0
DA:26,0
DA:28,0
DA:32,1
DA:33,0
DA:34,0
DA:35,0
DA:36,0
DA:38,0
DA:42,1
DA:43,0
DA:44,0
DA:45,0
DA:46,0
DA:48,0
DA:49,0
DA:51,0
DA:55,1
DA:56,0
DA:57,0
DA:58,0
DA:59,0
DA:60,0
DA:62,0
DA:63,0
DA:64,0
DA:66,0
DA:68,0
DA:72,1
DA:73,0
DA:74,0
DA:75,0
DA:76,0
DA:77,0
DA:79,0
DA:84,1
LF:50
LH:10
BRDA:8,0,0,0
BRDA:8,0,1,0
BRDA:16,1,0,0
BRDA:16,1,1,0
BRDA:45,2,0,0
BRDA:45,2,1,0
BRDA:45,3,0,0
BRDA:45,3,1,0
BRDA:59,4,0,0
BRDA:59,4,1,0
BRDA:63,5,0,0
BRDA:63,5,1,0
BRF:12
BRH:0
end_of_record
